Determining if the pthread_create exist failed with the following output:
Change Dir: /home/rui/repos/Facenet/cmake-build-debug/CMakeFiles/CMakeTmp

Run Build Command:"/usr/bin/make" "cmTC_fd90b/fast"
/usr/bin/make -f CMakeFiles/cmTC_fd90b.dir/build.make CMakeFiles/cmTC_fd90b.dir/build
make[1]: Entering directory '/home/rui/repos/Facenet/cmake-build-debug/CMakeFiles/CMakeTmp'
Building C object CMakeFiles/cmTC_fd90b.dir/CheckSymbolExists.c.o
/usr/bin/cc    -o CMakeFiles/cmTC_fd90b.dir/CheckSymbolExists.c.o   -c /home/rui/repos/Facenet/cmake-build-debug/CMakeFiles/CMakeTmp/CheckSymbolExists.c
Linking C executable cmTC_fd90b
/home/rui/softs/clion-2018.3.4/bin/cmake/linux/bin/cmake -E cmake_link_script CMakeFiles/cmTC_fd90b.dir/link.txt --verbose=1
/usr/bin/cc      -rdynamic CMakeFiles/cmTC_fd90b.dir/CheckSymbolExists.c.o  -o cmTC_fd90b 
CMakeFiles/cmTC_fd90b.dir/CheckSymbolExists.c.o: In function `main':
CheckSymbolExists.c:(.text+0x1b): undefined reference to `pthread_create'
collect2: error: ld returned 1 exit status
CMakeFiles/cmTC_fd90b.dir/build.make:86: recipe for target 'cmTC_fd90b' failed
make[1]: *** [cmTC_fd90b] Error 1
make[1]: Leaving directory '/home/rui/repos/Facenet/cmake-build-debug/CMakeFiles/CMakeTmp'
Makefile:121: recipe for target 'cmTC_fd90b/fast' failed
make: *** [cmTC_fd90b/fast] Error 2

File /home/rui/repos/Facenet/cmake-build-debug/CMakeFiles/CMakeTmp/CheckSymbolExists.c:
/* */
#include <pthread.h>

int main(int argc, char** argv)
{
  (void)argv;
#ifndef pthread_create
  return ((int*)(&pthread_create))[argc];
#else
  (void)argc;
  return 0;
#endif
}

Determining if the function pthread_create exists in the pthreads failed with the following output:
Change Dir: /home/rui/repos/Facenet/cmake-build-debug/CMakeFiles/CMakeTmp

Run Build Command:"/usr/bin/make" "cmTC_dd783/fast"
/usr/bin/make -f CMakeFiles/cmTC_dd783.dir/build.make CMakeFiles/cmTC_dd783.dir/build
make[1]: Entering directory '/home/rui/repos/Facenet/cmake-build-debug/CMakeFiles/CMakeTmp'
Building C object CMakeFiles/cmTC_dd783.dir/CheckFunctionExists.c.o
/usr/bin/cc   -DCHECK_FUNCTION_EXISTS=pthread_create   -o CMakeFiles/cmTC_dd783.dir/CheckFunctionExists.c.o   -c /home/rui/softs/clion-2018.3.4/bin/cmake/linux/share/cmake-3.13/Modules/CheckFunctionExists.c
Linking C executable cmTC_dd783
/home/rui/softs/clion-2018.3.4/bin/cmake/linux/bin/cmake -E cmake_link_script CMakeFiles/cmTC_dd783.dir/link.txt --verbose=1
/usr/bin/cc  -DCHECK_FUNCTION_EXISTS=pthread_create    -rdynamic CMakeFiles/cmTC_dd783.dir/CheckFunctionExists.c.o  -o cmTC_dd783 -lpthreads 
/usr/bin/ld: cannot find -lpthreads
collect2: error: ld returned 1 exit status
CMakeFiles/cmTC_dd783.dir/build.make:86: recipe for target 'cmTC_dd783' failed
make[1]: *** [cmTC_dd783] Error 1
make[1]: Leaving directory '/home/rui/repos/Facenet/cmake-build-debug/CMakeFiles/CMakeTmp'
Makefile:121: recipe for target 'cmTC_dd783/fast' failed
make: *** [cmTC_dd783/fast] Error 2


Determining if the function sgemm_ exists failed with the following output:
Change Dir: /home/rui/repos/Facenet/cmake-build-debug/CMakeFiles/CMakeTmp

Run Build Command:"/usr/bin/make" "cmTC_5014d/fast"
/usr/bin/make -f CMakeFiles/cmTC_5014d.dir/build.make CMakeFiles/cmTC_5014d.dir/build
make[1]: Entering directory '/home/rui/repos/Facenet/cmake-build-debug/CMakeFiles/CMakeTmp'
Building C object CMakeFiles/cmTC_5014d.dir/CheckFunctionExists.c.o
/usr/bin/cc   -DCHECK_FUNCTION_EXISTS=sgemm_   -o CMakeFiles/cmTC_5014d.dir/CheckFunctionExists.c.o   -c /home/rui/softs/clion-2018.3.4/bin/cmake/linux/share/cmake-3.13/Modules/CheckFunctionExists.c
Linking C executable cmTC_5014d
/home/rui/softs/clion-2018.3.4/bin/cmake/linux/bin/cmake -E cmake_link_script CMakeFiles/cmTC_5014d.dir/link.txt --verbose=1
/usr/bin/cc  -DCHECK_FUNCTION_EXISTS=sgemm_    -rdynamic CMakeFiles/cmTC_5014d.dir/CheckFunctionExists.c.o  -o cmTC_5014d 
CMakeFiles/cmTC_5014d.dir/CheckFunctionExists.c.o: In function `main':
CheckFunctionExists.c:(.text+0x10): undefined reference to `sgemm_'
collect2: error: ld returned 1 exit status
CMakeFiles/cmTC_5014d.dir/build.make:86: recipe for target 'cmTC_5014d' failed
make[1]: *** [cmTC_5014d] Error 1
make[1]: Leaving directory '/home/rui/repos/Facenet/cmake-build-debug/CMakeFiles/CMakeTmp'
Makefile:121: recipe for target 'cmTC_5014d/fast' failed
make: *** [cmTC_5014d/fast] Error 2


